<?xml version="1.0" encoding="UTF-8"?>
<!-- Generated by org.testng.reporters.JUnitXMLReporter -->
<testsuite hostname="DESKTOP-OT0KU2N" ignored="3" name="Demo_Test" tests="1" failures="0" timestamp="2022-02-19T17:45:09 IST" time="0.038" errors="0">
  <testcase name="Verify_002" time="0.006" classname="com.projectname.test.Test_001"/>
  <testcase name="Verify_001" time="0.0" classname="com.projectname.test.Test_001">
    <ignored/>
  </testcase> <!-- Verify_001 -->
  <testcase name="Verify_003" time="0.0" classname="com.projectname.test.Test_001">
    <ignored/>
  </testcase> <!-- Verify_003 -->
  <testcase name="Verify_004" time="0.0" classname="com.projectname.test.Test_001">
    <ignored/>
  </testcase> <!-- Verify_004 -->
</testsuite> <!-- Demo_Test -->
