<?xml version="1.0" encoding="UTF-8"?>
<!-- Generated by org.testng.reporters.JUnitXMLReporter -->
<testsuite hostname="DESKTOP-OT0KU2N" ignored="0" name="Demo_Test" tests="4" failures="0" timestamp="2022-02-19T17:48:42 IST" time="0.031" errors="0">
  <testcase name="@BeforeMethod setup" time="0.0" classname="com.projectname.utility.Baseclass">
    <failure type="java.lang.NullPointerException">
      <![CDATA[java.lang.NullPointerException
at com.projectname.utility.Baseclass.setup(Baseclass.java:48)
at java.util.ArrayList.forEach(Unknown Source)
... Removed 32 stack frames]]>
    </failure>
  </testcase> <!-- @BeforeMethod setup -->
  <testcase name="@AfterMethod testDown" time="-1.645273122012E9" classname="com.projectname.utility.Baseclass">
    <skipped/>
  </testcase> <!-- @AfterMethod testDown -->
  <testcase name="@BeforeMethod setup" time="-1.645273122013E9" classname="com.projectname.utility.Baseclass">
    <skipped/>
  </testcase> <!-- @BeforeMethod setup -->
  <testcase name="@AfterMethod testDown" time="-1.645273122017E9" classname="com.projectname.utility.Baseclass">
    <skipped/>
  </testcase> <!-- @AfterMethod testDown -->
  <testcase name="@BeforeMethod setup" time="-1.64527312202E9" classname="com.projectname.utility.Baseclass">
    <skipped/>
  </testcase> <!-- @BeforeMethod setup -->
  <testcase name="@AfterMethod testDown" time="-1.645273122024E9" classname="com.projectname.utility.Baseclass">
    <skipped/>
  </testcase> <!-- @AfterMethod testDown -->
  <testcase name="@BeforeMethod setup" time="-1.645273122031E9" classname="com.projectname.utility.Baseclass">
    <skipped/>
  </testcase> <!-- @BeforeMethod setup -->
  <testcase name="@AfterMethod testDown" time="-1.645273122033E9" classname="com.projectname.utility.Baseclass">
    <skipped/>
  </testcase> <!-- @AfterMethod testDown -->
  <testcase name="@AfterClass Ac" time="-1.645273122035E9" classname="com.projectname.utility.Baseclass">
    <skipped/>
  </testcase> <!-- @AfterClass Ac -->
  <testcase name="Verify_001" time="0.0" classname="com.projectname.test.Test_001">
    <skipped/>
  </testcase> <!-- Verify_001 -->
  <testcase name="Verify_002" time="0.0" classname="com.projectname.test.Test_001">
    <skipped/>
  </testcase> <!-- Verify_002 -->
  <testcase name="Verify_003" time="0.0" classname="com.projectname.test.Test_001">
    <skipped/>
  </testcase> <!-- Verify_003 -->
  <testcase name="Verify_004" time="0.0" classname="com.projectname.test.Test_001">
    <skipped/>
  </testcase> <!-- Verify_004 -->
</testsuite> <!-- Demo_Test -->
